<?xml version="1.0" encoding="UTF-8"?>
<testsuite xmlns:xsi="http://www.w3.org/2001/XMLSchema-instance" xsi:noNamespaceSchemaLocation="https://maven.apache.org/surefire/maven-surefire-plugin/xsd/surefire-test-report-3.0.xsd" version="3.0" name="com.agroanalytics.auth.controller.AuthControllerTest" time="7.146" tests="7" errors="0" skipped="0" failures="0">
  <properties>
[...]
</properties>
  <testcase name="verifyEmail_success_returns200" classname="com.agroanalytics.auth.controller.AuthControllerTest" time="0.31">
    <system-out><![CDATA[01:06:30.833 [main] INFO org.springframework.test.context.support.AnnotationConfigContextLoaderUtils -- Could not detect default configuration classes for test class [com.agroanalytics.auth.controller.AuthControllerTest]: AuthControllerTest does not declare any static, non-private, non-final, nested classes annotated with @Configuration.
01:06:31.108 [main] INFO org.springframework.boot.test.context.SpringBootTestContextBootstrapper -- Found @SpringBootConfiguration com.agroanalytics.auth.AuthServiceApplication for test class com.agroanalytics.auth.controller.AuthControllerTest

  .   ____          _            __ _ _
 /\\ / ___'_ __ _ _(_)_ __  __ _ \ \ \ \
( ( )\___ | '_ | '_| | '_ \/ _` | \ \ \ \
 \\/  ___)| |_)| | | | | || (_| |  ) ) ) )
  '  |____| .__|_| |_|_| |_\__, | / / / /
 =========|_|==============|___/=/_/_/_/
 :: Spring Boot ::                (v3.2.0)

01:06:32.051 [] [main] INFO  c.a.a.controller.AuthControllerTest - Starting AuthControllerTest using Java 21.0.2 with PID 36573 (started by maxim in /Users/maxim/Desktop/hackOff2/techno-demo/backend/auth-service)
01:06:32.053 [] [main] INFO  c.a.a.controller.AuthControllerTest - No active profile set, falling back to 1 default profile: "default"
01:06:36.515 [] [main] WARN  o.s.b.a.s.s.UserDetailsServiceAutoConfiguration - 

Using generated security password: 7dc3c947-c03c-4eeb-83c0-be2b108eee98

This generated password is for development use only. Your security configuration must be updated before running your application in production.

01:06:36.716 [] [main] INFO  o.s.s.web.DefaultSecurityFilterChain - Will secure any request with [org.springframework.security.web.session.DisableEncodeUrlFilter@6eb00cbe, org.springframework.security.web.context.request.async.WebAsyncManagerIntegrationFilter@74e4be21, org.springframework.security.web.context.SecurityContextHolderFilter@21d8da75, org.springframework.security.web.header.HeaderWriterFilter@778197c0, org.springframework.web.filter.CorsFilter@4d174189, org.springframework.security.web.csrf.CsrfFilter@b76b7d8, org.springframework.security.web.authentication.logout.LogoutFilter@2548fc01, org.springframework.security.web.authentication.UsernamePasswordAuthenticationFilter@73b8ab2c, org.springframework.security.web.authentication.ui.DefaultLoginPageGeneratingFilter@1b465fa9, org.springframework.security.web.authentication.ui.DefaultLogoutPageGeneratingFilter@628bd77e, org.springframework.security.web.authentication.www.BasicAuthenticationFilter@2bd2430f, org.springframework.security.web.savedrequest.RequestCacheAwareFilter@20a946d9, org.springframework.security.web.servletapi.SecurityContextHolderAwareRequestFilter@2b41b8bb, org.springframework.security.web.authentication.AnonymousAuthenticationFilter@c30f26d, org.springframework.security.web.access.ExceptionTranslationFilter@484302ee, org.springframework.security.web.access.intercept.AuthorizationFilter@1e57b783]
01:06:36.781 [] [main] INFO  o.s.b.t.m.w.SpringBootMockServletContext - Initializing Spring TestDispatcherServlet ''
01:06:36.782 [] [main] INFO  o.s.t.w.s.TestDispatcherServlet - Initializing Servlet ''
01:06:36.784 [] [main] INFO  o.s.t.w.s.TestDispatcherServlet - Completed initialization in 2 ms
01:06:36.817 [] [main] INFO  c.a.a.controller.AuthControllerTest - Started AuthControllerTest in 5.605 seconds (process running for 7.644)
]]></system-out>
    <system-err><![CDATA[WARNING: A Java agent has been loaded dynamically (/Users/maxim/.m2/repository/net/bytebuddy/byte-buddy-agent/1.14.10/byte-buddy-agent-1.14.10.jar)
WARNING: If a serviceability tool is in use, please run with -XX:+EnableDynamicAgentLoading to hide this warning
WARNING: If a serviceability tool is not in use, please run with -Djdk.instrument.traceUsage for more information
WARNING: Dynamic loading of agents will be disallowed by default in a future release
]]></system-err>
  </testcase>
  <testcase name="me_validToken_returnsUser" classname="com.agroanalytics.auth.controller.AuthControllerTest" time="0.084"/>
  <testcase name="me_noToken_returns401" classname="com.agroanalytics.auth.controller.AuthControllerTest" time="0.011"/>
  <testcase name="login_badCredentials_returns401" classname="com.agroanalytics.auth.controller.AuthControllerTest" time="0.161"/>
  <testcase name="register_success_returns201" classname="com.agroanalytics.auth.controller.AuthControllerTest" time="0.085"/>
  <testcase name="login_success_returns200" classname="com.agroanalytics.auth.controller.AuthControllerTest" time="0.034"/>
  <testcase name="verifyEmailByCode_success_returns200" classname="com.agroanalytics.auth.controller.AuthControllerTest" time="0.023"/>
</testsuite>